\BOOKMARK [1][-]{section.0.1}{\376\377\000W\000s\000t\001\031\000p}{}% 1
\BOOKMARK [2][-]{subsection.0.1.1}{\376\377\000T\000e\000m\000a\000t\000\040\000p\000r\000o\000j\000e\000k\000t\000u}{section.0.1}% 2
\BOOKMARK [2][-]{subsection.0.1.2}{\376\377\000Z\000a\000s\000a\000d\000a\000\040\000d\000z\000i\000a\001\102\000a\000n\000i\000a\000\040\000a\000l\000g\000o\000r\000y\000t\000m\000u}{section.0.1}% 3
\BOOKMARK [1][-]{section.0.2}{\376\377\000A\000n\000a\000l\000i\000z\000a\000\040\000p\000r\000o\000b\000l\000e\000m\000u}{}% 4
\BOOKMARK [2][-]{subsection.0.2.1}{\376\377\000P\000r\000o\000b\000l\000e\000m\000\040\000d\000o\000b\000o\000r\000u\000\040\000p\000u\000n\000k\000t\000\363\000w\000\040\000p\000o\000c\000z\001\005\000t\000k\000o\000w\000y\000c\000h}{section.0.2}% 5
\BOOKMARK [2][-]{subsection.0.2.2}{\376\377\000M\000i\000a\000r\000a\000\040\000o\000d\000l\000e\000g\001\102\000o\001\133\000c\000i}{section.0.2}% 6
\BOOKMARK [2][-]{subsection.0.2.3}{\376\377\000F\000u\000n\000k\000c\000j\000a\000\040\000u\001\133\000r\000e\000d\000n\000i\000e\000j\001\005\000c\000a}{section.0.2}% 7
\BOOKMARK [2][-]{subsection.0.2.4}{\376\377\000W\000a\000r\000u\000n\000k\000i\000\040\000s\000t\000o\000p\000u}{section.0.2}% 8
\BOOKMARK [1][-]{section.0.3}{\376\377\000S\000p\000e\000c\000y\000f\000i\000k\000a\000c\000j\000a\000\040\000z\000e\000w\000n\001\031\000t\000r\000z\000n\000a}{}% 9
\BOOKMARK [2][-]{subsection.0.3.1}{\376\377\000W\000y\000k\000o\000r\000z\000y\000s\000t\000a\000n\000i\000e\000\040\000a\000l\000g\000o\000r\000y\000t\000m\000u}{section.0.3}% 10
\BOOKMARK [2][-]{subsection.0.3.2}{\376\377\000O\000p\000i\000s\000\040\000p\000a\000r\000a\000m\000e\000t\000r\000\363\000w\000\040\000w\000y\000w\000o\001\102\000a\000n\000i\000a\000\040\000f\000u\000n\000k\000c\000j\000i\000\040\000G\000r\000o\000u\000p}{section.0.3}% 11
\BOOKMARK [2][-]{subsection.0.3.3}{\376\377\000O\000p\000i\000s\000\040\000p\000a\000r\000a\000m\000e\000t\000r\000\363\000w\000\040\000w\000y\000w\000o\001\102\000a\000n\000i\000a\000\040\000f\000u\000n\000k\000c\000j\000i\000\040\000D\000i\000s\000p\000l\000a\000y\000C\000o\000l\000l\000e\000c\000t\000i\000o\000n}{section.0.3}% 12
\BOOKMARK [2][-]{subsection.0.3.4}{\376\377\000P\000r\000z\000y\000k\001\102\000a\000d\000\040\000s\000c\000e\000n\000a\000r\000i\000u\000s\000z\000a\000\040\000u\001\174\000y\000c\000i\000a}{section.0.3}% 13
\BOOKMARK [1][-]{section.0.4}{\376\377\000S\000p\000e\000c\000y\000f\000i\000k\000a\000c\000j\000a\000\040\000w\000e\000w\000n\001\031\000t\000r\000z\000n\000a}{}% 14
\BOOKMARK [2][-]{subsection.0.4.1}{\376\377\000S\000t\000r\000u\000k\000t\000u\000r\000a\000\040\000p\000r\000o\000j\000e\000k\000t\000u}{section.0.4}% 15
\BOOKMARK [2][-]{subsection.0.4.2}{\376\377\000K\000l\000a\000s\000a\000\040\000K\000\137\000m\000e\000a\000n\000s}{section.0.4}% 16
\BOOKMARK [3][-]{subsubsection.0.4.2.1}{\376\377\000T\000y\000p\000y}{subsection.0.4.2}% 17
\BOOKMARK [3][-]{subsubsection.0.4.2.2}{\376\377\000P\000o\000l\000a}{subsection.0.4.2}% 18
\BOOKMARK [3][-]{subsubsection.0.4.2.3}{\376\377\000M\000e\000t\000o\000d\000y}{subsection.0.4.2}% 19
\BOOKMARK [1][-]{section.0.5}{\376\377\000T\000e\000s\000t\000o\000w\000a\000n\000i\000e\000\040\000a\000p\000l\000i\000k\000a\000c\000j\000i}{}% 20
\BOOKMARK [2][-]{subsection.0.5.1}{\376\377\000T\000e\000s\000t\000y\000\040\000f\000u\000n\000k\000c\000j\000o\000n\000a\000l\000n\000e}{section.0.5}% 21
\BOOKMARK [2][-]{subsection.0.5.2}{\376\377\000G\000r\000u\000p\000o\000w\000a\000n\000i\000e\000\040\000p\000i\000k\000s\000e\000l\000i}{section.0.5}% 22
\BOOKMARK [3][-]{subsubsection.0.5.2.1}{\376\377\000Z\000a\000l\000e\001\174\000n\000o\001\133\001\007\000\040\000o\000d\000\040\000w\000a\000r\000u\000n\000k\000u\000\040\000s\000t\000o\000p\000u}{subsection.0.5.2}% 23
\BOOKMARK [3][-]{subsubsection.0.5.2.2}{\376\377\000Z\000a\000l\000e\001\174\000n\000o\001\133\001\007\000\040\000o\000d\000\040\000l\000i\000c\000z\000b\000y\000\040\000g\000r\000u\000p}{subsection.0.5.2}% 24
\BOOKMARK [3][-]{subsubsection.0.5.2.3}{\376\377\000Z\000a\000l\000e\001\174\000n\000o\001\133\001\007\000\040\000o\000d\000\040\000d\000a\000n\000y\000c\000h\000\040\000w\000e\000j\001\133\000c\000i\000o\000w\000y\000c\000h}{subsection.0.5.2}% 25
\BOOKMARK [1][-]{section.0.6}{\376\377\000P\000o\000d\000s\000u\000m\000o\000w\000a\000n\000i\000e}{}% 26
